rm -rf notqmail-aab15b1fea8a6c48953bf152a334d6a1840184c3-spp-smtpauth-tls-20060105
git -C notqmail.git fetch origin aab15b1fea8a6c48953bf152a334d6a1840184c3
From https://github.com/notqmail/notqmail
 * branch            aab15b1fea8a6c48953bf152a334d6a1840184c3 -> FETCH_HEAD
git -C notqmail.git archive --prefix=notqmail-aab15b1fea8a6c48953bf152a334d6a1840184c3-spp-smtpauth-tls-20060105/ aab15b1fea8a6c48953bf152a334d6a1840184c3 | tar xf -
cd notqmail-aab15b1fea8a6c48953bf152a334d6a1840184c3-spp-smtpauth-tls-20060105; patch -f -p 1 <../patch/spp-smtpauth-tls-20060105.patch
Hmm...  Looks like a unified diff to me...
The text leading up to this was:
--------------------------
|diff -ruN netqmail-1.05-tls-new/Makefile netqmail-1.05/Makefile
|--- Makefile	2006-04-02 17:02:34.000000000 -0400
|+++ Makefile	2006-04-02 17:09:20.000000000 -0400
--------------------------
Patching file Makefile using Plan A...
Hunk #1 failed at 1536.
Hunk #2 succeeded at 1609 with fuzz 2 (offset 47 lines).
1 out of 2 hunks failed--saving rejects to Makefile.rej
Hmm...  The next patch looks like a unified diff to me...
The text leading up to this was:
--------------------------
|diff -ruN netqmail-1.05-tls-new/qmail-smtpd.c netqmail-1.05/qmail-smtpd.c
|--- qmail-smtpd.c	2006-04-02 17:02:34.000000000 -0400
|+++ qmail-smtpd.c	2006-04-02 17:19:33.000000000 -0400
--------------------------
Patching file qmail-smtpd.c using Plan A...
Hunk #1 failed at 24.
Hunk #2 succeeded at 114 with fuzz 2 (offset -40 lines).
Hunk #3 failed at 232.
Hunk #4 succeeded at 269 (offset -71 lines).
Hunk #5 failed at 280.
Hunk #6 succeeded at 312 (offset -57 lines).
Hunk #7 failed at 322.
Hunk #8 succeeded at 318 (offset -74 lines).
No such line 433 in input file, ignoring
Hunk #9 succeeded at 461 (offset -62 lines).
Hunk #10 failed at 469.
Hunk #11 failed at 694.
Hunk #12 succeeded at 495 (offset -540 lines).
6 out of 12 hunks failed--saving rejects to qmail-smtpd.c.rej
Hmm...  The next patch looks like a unified diff to me...
The text leading up to this was:
--------------------------
|diff -ruN netqmail-1.05-tls-new/qmail-spp.c netqmail-1.05/qmail-spp.c
|--- qmail-spp.c	1969-12-31 19:00:00.000000000 -0500
|+++ qmail-spp.c	2006-04-02 17:22:52.000000000 -0400
--------------------------
(Creating file qmail-spp.c...)
Patching file qmail-spp.c using Plan A...
Empty context always matches.
Hunk #1 succeeded at 1.
Hmm...  The next patch looks like a unified diff to me...
The text leading up to this was:
--------------------------
|diff -ruN netqmail-1.05-tls-new/qmail-spp.h netqmail-1.05/qmail-spp.h
|--- qmail-spp.h	1969-12-31 19:00:00.000000000 -0500
|+++ qmail-spp.h	2006-04-02 17:23:10.000000000 -0400
--------------------------
(Creating file qmail-spp.h...)
Patching file qmail-spp.h using Plan A...
Empty context always matches.
Hunk #1 succeeded at 1.
done
*** Error 1 in . (Makefile:36 'notqmail-aab15b1fea8a6c48953bf152a334d6a1840184c3-spp-smtpauth-tls-20060105')
