rm -rf notqmail-8c53cd40a3329d682a905decb1f8734fa1ba2e9a-spp
git -C notqmail.git fetch origin 8c53cd40a3329d682a905decb1f8734fa1ba2e9a
From https://github.com/notqmail/notqmail
 * branch            8c53cd40a3329d682a905decb1f8734fa1ba2e9a -> FETCH_HEAD
git -C notqmail.git archive --prefix=notqmail-8c53cd40a3329d682a905decb1f8734fa1ba2e9a-spp/ 8c53cd40a3329d682a905decb1f8734fa1ba2e9a | tar xf -
cd notqmail-8c53cd40a3329d682a905decb1f8734fa1ba2e9a-spp; patch -f -p 1 <../patch/spp.patch
Hmm...  Looks like a unified diff to me...
The text leading up to this was:
--------------------------
|--- Makefile	1998-06-15 12:53:16.000000000 +0200
|+++ Makefile	2005-01-19 12:58:24.000000000 +0100
--------------------------
Patching file Makefile using Plan A...
Hunk #1 failed at 1531.
Hunk #2 succeeded at 1475 (offset -83 lines).
1 out of 2 hunks failed--saving rejects to Makefile.rej
Hmm...  The next patch looks like a unified diff to me...
The text leading up to this was:
--------------------------
|--- qmail-smtpd.c	1998-06-15 12:53:16.000000000 +0200
|+++ qmail-smtpd.c	2006-03-03 16:52:51.000000000 +0100
--------------------------
Patching file qmail-smtpd.c using Plan A...
Hunk #1 succeeded at 24 (offset 1 line).
Hunk #2 succeeded at 108 (offset -6 lines).
Hunk #3 failed at 217.
Hunk #4 succeeded at 262 (offset 1 line).
Hunk #5 succeeded at 380 (offset -7 lines).
Hunk #6 succeeded at 396 (offset 1 line).
Hunk #7 succeeded at 425 (offset -7 lines).
1 out of 7 hunks failed--saving rejects to qmail-smtpd.c.rej
Hmm...  The next patch looks like a unified diff to me...
The text leading up to this was:
--------------------------
|--- qmail-spp.c	1970-01-01 01:00:00.000000000 +0100
|+++ qmail-spp.c	2006-04-01 22:45:51.000000000 +0200
--------------------------
(Creating file qmail-spp.c...)
Patching file qmail-spp.c using Plan A...
Empty context always matches.
Hunk #1 succeeded at 1.
Hmm...  The next patch looks like a unified diff to me...
The text leading up to this was:
--------------------------
|--- qmail-spp.h	1970-01-01 01:00:00.000000000 +0100
|+++ qmail-spp.h	2005-01-16 18:48:55.000000000 +0100
--------------------------
(Creating file qmail-spp.h...)
Patching file qmail-spp.h using Plan A...
Empty context always matches.
Hunk #1 succeeded at 1.
done
*** Error 1 in . (Makefile:36 'notqmail-8c53cd40a3329d682a905decb1f8734fa1ba2e9a-spp')
