rm -rf notqmail-8c53cd40a3329d682a905decb1f8734fa1ba2e9a-spp-smtpauth-eh
git -C notqmail.git fetch origin 8c53cd40a3329d682a905decb1f8734fa1ba2e9a
From https://github.com/notqmail/notqmail
 * branch            8c53cd40a3329d682a905decb1f8734fa1ba2e9a -> FETCH_HEAD
git -C notqmail.git archive --prefix=notqmail-8c53cd40a3329d682a905decb1f8734fa1ba2e9a-spp-smtpauth-eh/ 8c53cd40a3329d682a905decb1f8734fa1ba2e9a | tar xf -
cd notqmail-8c53cd40a3329d682a905decb1f8734fa1ba2e9a-spp-smtpauth-eh; patch -f -p 1 <../patch/spp-smtpauth-eh.patch
Hmm...  Looks like a unified diff to me...
The text leading up to this was:
--------------------------
|--- Makefile	2004-08-02 14:40:20.000000000 +0200
|+++ Makefile	2005-01-19 12:59:54.000000000 +0100
--------------------------
Patching file Makefile using Plan A...
Hunk #1 failed at 1535.
Hunk #2 succeeded at 1473 with fuzz 2 (offset -87 lines).
1 out of 2 hunks failed--saving rejects to Makefile.rej
Hmm...  The next patch looks like a unified diff to me...
The text leading up to this was:
--------------------------
|--- qmail-smtpd.c	2004-08-02 14:40:20.000000000 +0200
|+++ qmail-smtpd.c	2006-04-01 22:21:52.000000000 +0200
--------------------------
Patching file qmail-smtpd.c using Plan A...
Hunk #1 failed at 24.
Hunk #2 succeeded at 109 (offset -19 lines).
Hunk #3 failed at 218.
Hunk #4 succeeded at 255 with fuzz 2 (offset -6 lines).
Hunk #5 succeeded at 262 (offset -19 lines).
Hunk #6 succeeded at 400 (offset -7 lines).
Hunk #7 succeeded at 396 (offset -19 lines).
No such line 604 in input file, ignoring
Hunk #8 failed at 623.
Hunk #9 succeeded at 446 (offset -236 lines).
3 out of 9 hunks failed--saving rejects to qmail-smtpd.c.rej
Hmm...  The next patch looks like a unified diff to me...
The text leading up to this was:
--------------------------
|--- qmail-spp.c	1970-01-01 01:00:00.000000000 +0100
|+++ qmail-spp.c	2006-04-01 22:47:53.000000000 +0200
--------------------------
(Creating file qmail-spp.c...)
Patching file qmail-spp.c using Plan A...
Empty context always matches.
Hunk #1 succeeded at 1.
Hmm...  The next patch looks like a unified diff to me...
The text leading up to this was:
--------------------------
|--- qmail-spp.h	1970-01-01 01:00:00.000000000 +0100
|+++ qmail-spp.h	2004-11-26 15:49:29.000000000 +0100
--------------------------
(Creating file qmail-spp.h...)
Patching file qmail-spp.h using Plan A...
Empty context always matches.
Hunk #1 succeeded at 1.
done
*** Error 1 in . (Makefile:36 'notqmail-8c53cd40a3329d682a905decb1f8734fa1ba2e9a-spp-smtpauth-eh')
