rm -rf notqmail-aab15b1fea8a6c48953bf152a334d6a1840184c3-spp
git -C notqmail.git fetch origin aab15b1fea8a6c48953bf152a334d6a1840184c3
From https://github.com/notqmail/notqmail
 * branch            aab15b1fea8a6c48953bf152a334d6a1840184c3 -> FETCH_HEAD
git -C notqmail.git archive --prefix=notqmail-aab15b1fea8a6c48953bf152a334d6a1840184c3-spp/ aab15b1fea8a6c48953bf152a334d6a1840184c3 | tar xf -
cd notqmail-aab15b1fea8a6c48953bf152a334d6a1840184c3-spp; patch -f -p 1 <../patch/spp.patch
Hmm...  Looks like a unified diff to me...
The text leading up to this was:
--------------------------
|--- Makefile	1998-06-15 12:53:16.000000000 +0200
|+++ Makefile	2005-01-19 12:58:24.000000000 +0100
--------------------------
Patching file Makefile using Plan A...
Hunk #1 succeeded at 1584 with fuzz 1 (offset 53 lines).
Hunk #2 succeeded at 1611 (offset 53 lines).
Hmm...  The next patch looks like a unified diff to me...
The text leading up to this was:
--------------------------
|--- qmail-smtpd.c	1998-06-15 12:53:16.000000000 +0200
|+++ qmail-smtpd.c	2006-03-03 16:52:51.000000000 +0100
--------------------------
Patching file qmail-smtpd.c using Plan A...
Hunk #1 succeeded at 23.
Hunk #2 succeeded at 114.
Hunk #3 failed at 223.
Hunk #4 succeeded at 261.
Hunk #5 succeeded at 387.
Hunk #6 succeeded at 395.
Hunk #7 succeeded at 432.
1 out of 7 hunks failed--saving rejects to qmail-smtpd.c.rej
Hmm...  The next patch looks like a unified diff to me...
The text leading up to this was:
--------------------------
|--- qmail-spp.c	1970-01-01 01:00:00.000000000 +0100
|+++ qmail-spp.c	2006-04-01 22:45:51.000000000 +0200
--------------------------
(Creating file qmail-spp.c...)
Patching file qmail-spp.c using Plan A...
Empty context always matches.
Hunk #1 succeeded at 1.
Hmm...  The next patch looks like a unified diff to me...
The text leading up to this was:
--------------------------
|--- qmail-spp.h	1970-01-01 01:00:00.000000000 +0100
|+++ qmail-spp.h	2005-01-16 18:48:55.000000000 +0100
--------------------------
(Creating file qmail-spp.h...)
Patching file qmail-spp.h using Plan A...
Empty context always matches.
Hunk #1 succeeded at 1.
done
*** Error 1 in . (Makefile:36 'notqmail-aab15b1fea8a6c48953bf152a334d6a1840184c3-spp')
