rm -rf notqmail-e77f33bd5f614e967b0716a72dd706462d36a477-smtpd-logging
git -C notqmail.git fetch origin e77f33bd5f614e967b0716a72dd706462d36a477
From https://github.com/notqmail/notqmail
 * branch            e77f33bd5f614e967b0716a72dd706462d36a477 -> FETCH_HEAD
git -C notqmail.git archive --prefix=notqmail-e77f33bd5f614e967b0716a72dd706462d36a477-smtpd-logging/ e77f33bd5f614e967b0716a72dd706462d36a477 | tar xf -
cd notqmail-e77f33bd5f614e967b0716a72dd706462d36a477-smtpd-logging; patch -f -p 1 <../patch/smtpd-logging.patch
Hmm...  Looks like a unified diff to me...
The text leading up to this was:
--------------------------
|This patch written by Andrew Richards 2010. For more details please
|see http://free.acrconsulting.co.uk/
|diff -Nru netqmail-1.06/errbits.c netqmail-1.06_logmsg13/errbits.c
|--- netqmail-1.06/errbits.c	1970-01-01 01:00:00.000000000 +0100
|+++ netqmail-1.06_logmsg13/errbits.c	2010-02-10 17:35:19.000000000 +0000
--------------------------
(Creating file errbits.c...)
Patching file errbits.c using Plan A...
Empty context always matches.
Hunk #1 succeeded at 1.
Hmm...  The next patch looks like a unified diff to me...
The text leading up to this was:
--------------------------
|diff -Nru netqmail-1.06/errbits.h netqmail-1.06_logmsg13/errbits.h
|--- netqmail-1.06/errbits.h	1970-01-01 01:00:00.000000000 +0100
|+++ netqmail-1.06_logmsg13/errbits.h	2010-02-10 18:20:14.000000000 +0000
--------------------------
(Creating file errbits.h...)
Patching file errbits.h using Plan A...
Empty context always matches.
Hunk #1 succeeded at 1.
Hmm...  The next patch looks like a unified diff to me...
The text leading up to this was:
--------------------------
|diff -Nru netqmail-1.06/Makefile netqmail-1.06_logmsg13/Makefile
|--- netqmail-1.06/Makefile	2007-11-30 20:22:54.000000000 +0000
|+++ netqmail-1.06_logmsg13/Makefile	2009-08-31 22:30:46.000000000 +0100
--------------------------
Patching file Makefile using Plan A...
Hunk #1 succeeded at 533 (offset 25 lines).
Hunk #2 succeeded at 1509 (offset -30 lines).
Hmm...  The next patch looks like a unified diff to me...
The text leading up to this was:
--------------------------
|diff -Nru netqmail-1.06/qmail-smtpd.c netqmail-1.06_logmsg13/qmail-smtpd.c
|--- netqmail-1.06/qmail-smtpd.c	2007-11-30 20:22:54.000000000 +0000
|+++ netqmail-1.06_logmsg13/qmail-smtpd.c	2010-02-15 22:27:09.000000000 +0000
--------------------------
Patching file qmail-smtpd.c using Plan A...
Hunk #1 succeeded at 23.
Hunk #2 failed at 61.
Hunk #3 succeeded at 161.
Hunk #4 succeeded at 215.
Hunk #5 succeeded at 301.
Hunk #6 succeeded at 346.
Hunk #7 succeeded at 367.
Hunk #8 succeeded at 375.
Hunk #9 succeeded at 452.
Hunk #10 succeeded at 467.
Hunk #11 succeeded at 481.
Hunk #12 succeeded at 509.
1 out of 12 hunks failed--saving rejects to qmail-smtpd.c.rej
Hmm...  The next patch looks like a unified diff to me...
The text leading up to this was:
--------------------------
|diff -Nru netqmail-1.06/TARGETS netqmail-1.06_logmsg13/TARGETS
|--- netqmail-1.06/TARGETS	1998-06-15 11:53:16.000000000 +0100
|+++ netqmail-1.06_logmsg13/TARGETS	2009-08-31 22:30:46.000000000 +0100
--------------------------
Patching file TARGETS using Plan A...
Hunk #1 succeeded at 94 (offset -2 lines).
done
*** Error 1 in . (Makefile:36 'notqmail-e77f33bd5f614e967b0716a72dd706462d36a477-smtpd-logging')
