rm -rf notqmail-8c53cd40a3329d682a905decb1f8734fa1ba2e9a-rcptcheck
git -C notqmail.git fetch origin 8c53cd40a3329d682a905decb1f8734fa1ba2e9a
From https://github.com/notqmail/notqmail
 * branch            8c53cd40a3329d682a905decb1f8734fa1ba2e9a -> FETCH_HEAD
git -C notqmail.git archive --prefix=notqmail-8c53cd40a3329d682a905decb1f8734fa1ba2e9a-rcptcheck/ 8c53cd40a3329d682a905decb1f8734fa1ba2e9a | tar xf -
cd notqmail-8c53cd40a3329d682a905decb1f8734fa1ba2e9a-rcptcheck; patch -f -p 1 <../patch/rcptcheck.patch
Hmm...  Looks like a new-style context diff to me...
The text leading up to this was:
--------------------------
|*** qmail-1.03.orig/qmail-smtpd.c	Mon Jun 15 06:53:16 1998
|--- qmail-1.03/qmail-smtpd.c	Wed Jul 14 13:48:24 2004
--------------------------
Patching file qmail-smtpd.c using Plan A...
Hunk #1 succeeded at 24 (offset 1 line).
Hunk #2 failed at 49.
Hunk #3 succeeded at 56 with fuzz 2 (offset -6 lines).
Hunk #4 succeeded at 87 (offset 1 line).
Hunk #5 succeeded at 131 (offset -6 lines).
Hunk #6 succeeded at 224 (offset 1 line).
Hunk #7 succeeded at 281 (offset -6 lines).
1 out of 7 hunks failed--saving rejects to qmail-smtpd.c.rej
done
*** Error 1 in . (Makefile:36 'notqmail-8c53cd40a3329d682a905decb1f8734fa1ba2e9a-rcptcheck')
