rm -rf notqmail-aab15b1fea8a6c48953bf152a334d6a1840184c3-smtpd-spf
git -C notqmail.git fetch origin aab15b1fea8a6c48953bf152a334d6a1840184c3
From https://github.com/notqmail/notqmail
 * branch            aab15b1fea8a6c48953bf152a334d6a1840184c3 -> FETCH_HEAD
git -C notqmail.git archive --prefix=notqmail-aab15b1fea8a6c48953bf152a334d6a1840184c3-smtpd-spf/ aab15b1fea8a6c48953bf152a334d6a1840184c3 | tar xf -
cd notqmail-aab15b1fea8a6c48953bf152a334d6a1840184c3-smtpd-spf; patch -f -p 1 <../patch/smtpd-spf.patch
Hmm...  Looks like a unified diff to me...
The text leading up to this was:
--------------------------
|diff -Nur qmail-1.03.orig/byte_cspn.c qmail-1.03/byte_cspn.c
|--- qmail-1.03.orig/byte_cspn.c	1970-01-01 01:00:00.000000000 +0100
|+++ qmail-1.03/byte_cspn.c	2004-01-29 13:48:03.000000000 +0100
--------------------------
(Creating file byte_cspn.c...)
Patching file byte_cspn.c using Plan A...
Empty context always matches.
Hunk #1 succeeded at 1.
Hmm...  The next patch looks like a unified diff to me...
The text leading up to this was:
--------------------------
|diff -Nur qmail-1.03.orig/byte.h qmail-1.03/byte.h
|--- qmail-1.03.orig/byte.h	1998-06-15 12:53:16.000000000 +0200
|+++ qmail-1.03/byte.h	2004-01-29 13:46:57.000000000 +0100
--------------------------
Patching file byte.h using Plan A...
Hunk #1 succeeded at 3.
Hmm...  The next patch looks like a unified diff to me...
The text leading up to this was:
--------------------------
|diff -Nur qmail-1.03.orig/byte_rcspn.c qmail-1.03/byte_rcspn.c
|--- qmail-1.03.orig/byte_rcspn.c	1970-01-01 01:00:00.000000000 +0100
|+++ qmail-1.03/byte_rcspn.c	2004-01-29 13:47:52.000000000 +0100
--------------------------
(Creating file byte_rcspn.c...)
Patching file byte_rcspn.c using Plan A...
Empty context always matches.
Hunk #1 succeeded at 1.
Hmm...  The next patch looks like a unified diff to me...
The text leading up to this was:
--------------------------
|diff -Nur qmail-1.03.orig/dns.c qmail-1.03/dns.c
|--- qmail-1.03.orig/dns.c	2004-07-12 14:46:11.000000000 +0200
|+++ qmail-1.03/dns.c	2004-10-26 20:58:14.904288016 +0200
--------------------------
Patching file dns.c using Plan A...
Hunk #1 succeeded at 12 with fuzz 1 (offset 1 line).
Hunk #2 succeeded at 31 (offset 1 line).
Hunk #3 succeeded at 182 (offset 1 line).
Hunk #4 succeeded at 283 (offset 1 line).
Hunk #5 succeeded at 305 (offset 1 line).
Hunk #6 succeeded at 469 (offset 1 line).
Hmm...  The next patch looks like a unified diff to me...
The text leading up to this was:
--------------------------
|diff -Nur qmail-1.03.orig/dnsfq.c qmail-1.03/dnsfq.c
|--- qmail-1.03.orig/dnsfq.c	1998-06-15 12:53:16.000000000 +0200
|+++ qmail-1.03/dnsfq.c	2004-01-29 02:36:34.000000000 +0100
--------------------------
Patching file dnsfq.c using Plan A...
Hunk #1 succeeded at 5.
Hunk #2 succeeded at 29.
Hmm...  The next patch looks like a unified diff to me...
The text leading up to this was:
--------------------------
|diff -Nur qmail-1.03.orig/dns.h qmail-1.03/dns.h
|--- qmail-1.03.orig/dns.h	1998-06-15 12:53:16.000000000 +0200
|+++ qmail-1.03/dns.h	2004-01-28 17:24:01.000000000 +0100
--------------------------
Patching file dns.h using Plan A...
Hunk #1 succeeded at 10.
Hmm...  The next patch looks like a unified diff to me...
The text leading up to this was:
--------------------------
|diff -Nur qmail-1.03.orig/dnsptr.c qmail-1.03/dnsptr.c
|--- qmail-1.03.orig/dnsptr.c	1998-06-15 12:53:16.000000000 +0200
|+++ qmail-1.03/dnsptr.c	2004-01-29 02:39:09.000000000 +0100
--------------------------
Patching file dnsptr.c using Plan A...
Hunk #1 succeeded at 6.
Hmm...  The next patch looks like a unified diff to me...
The text leading up to this was:
--------------------------
|diff -Nur qmail-1.03.orig/dnstxt.c qmail-1.03/dnstxt.c
|--- qmail-1.03.orig/dnstxt.c	1970-01-01 01:00:00.000000000 +0100
|+++ qmail-1.03/dnstxt.c	2004-01-29 02:25:23.000000000 +0100
--------------------------
(Creating file dnstxt.c...)
Patching file dnstxt.c using Plan A...
Empty context always matches.
Hunk #1 succeeded at 1.
Hmm...  The next patch looks like a unified diff to me...
The text leading up to this was:
--------------------------
|diff -Nur qmail-1.03.orig/FILES qmail-1.03/FILES
|--- qmail-1.03.orig/FILES	1998-06-15 12:53:16.000000000 +0200
|+++ qmail-1.03/FILES	2004-02-02 15:12:35.000000000 +0100
--------------------------
No file to patch.  Skipping...
Hunk #1 ignored at 135.
Hunk #2 ignored at 337.
Hunk #3 ignored at 406.
3 out of 3 hunks ignored--saving rejects to FILES.rej
Hmm...  The next patch looks like a unified diff to me...
The text leading up to this was:
--------------------------
|diff -Nur qmail-1.03.orig/Makefile qmail-1.03/Makefile
|--- qmail-1.03.orig/Makefile	2004-01-29 03:48:26.000000000 +0100
|+++ qmail-1.03/Makefile	2004-02-10 13:00:35.000000000 +0100
--------------------------
Patching file Makefile using Plan A...
Hunk #1 succeeded at 250 (offset 47 lines).
Hunk #2 succeeded at 262 (offset 47 lines).
Hunk #3 succeeded at 448 (offset 47 lines).
Hunk #4 succeeded at 794 (offset -3 lines).
Hunk #5 failed at 821.
Hunk #6 succeeded at 1513 (offset 54 lines).
Hunk #7 succeeded at 1472 (offset -3 lines).
Hunk #8 failed at 1545.
Hunk #9 succeeded at 1627 (offset 56 lines).
Hunk #10 failed at 1855.
Hunk #11 failed at 1889.
Hunk #12 failed at 1901.
Hunk #13 succeeded at 1845 (offset -73 lines).
Hunk #14 succeeded at 2006 (offset 56 lines).
Hunk #15 succeeded at 1892 (offset -73 lines).
Hunk #16 succeeded at 2104 (offset 56 lines).
Hunk #17 succeeded at 2040 (offset -73 lines).
5 out of 17 hunks failed--saving rejects to Makefile.rej
Hmm...  The next patch looks like a unified diff to me...
The text leading up to this was:
--------------------------
|diff -Nur qmail-1.03.orig/qmail-control.9 qmail-1.03/qmail-control.9
|--- qmail-1.03.orig/qmail-control.9	1998-06-15 12:53:16.000000000 +0200
|+++ qmail-1.03/qmail-control.9	2004-02-02 14:58:56.000000000 +0100
--------------------------
Patching file qmail-control.9 using Plan A...
Hunk #1 succeeded at 63.
Hmm...  The next patch looks like a unified diff to me...
The text leading up to this was:
--------------------------
|diff -Nur qmail-1.03.orig/qmail-showctl.c qmail-1.03/qmail-showctl.c
|--- qmail-1.03.orig/qmail-showctl.c	1998-06-15 12:53:16.000000000 +0200
|+++ qmail-1.03/qmail-showctl.c	2004-03-12 17:30:02.000000000 +0100
--------------------------
Patching file qmail-showctl.c using Plan A...
Hunk #1 succeeded at 17 (offset 2 lines).
Hunk #2 succeeded at 282 (offset 24 lines).
Hunk #3 succeeded at 299 (offset 2 lines).
Hmm...  The next patch looks like a unified diff to me...
The text leading up to this was:
--------------------------
|diff -Nur qmail-1.03.orig/qmail-smtpd.8 qmail-1.03/qmail-smtpd.8
|--- qmail-1.03.orig/qmail-smtpd.8	1998-06-15 12:53:16.000000000 +0200
|+++ qmail-1.03/qmail-smtpd.8	2004-02-05 20:04:25.000000000 +0100
--------------------------
Patching file qmail-smtpd.8 using Plan A...
Hunk #1 succeeded at 169.
Hmm...  The next patch looks like a unified diff to me...
The text leading up to this was:
--------------------------
|diff -Nur qmail-1.03.orig/qmail-smtpd.c qmail-1.03/qmail-smtpd.c
|--- qmail-1.03.orig/qmail-smtpd.c	1998-06-15 12:53:16.000000000 +0200
|+++ qmail-1.03/qmail-smtpd.c	2004-10-26 20:59:47.563201720 +0200
--------------------------
Patching file qmail-smtpd.c using Plan A...
Hunk #1 succeeded at 23.
Hunk #2 succeeded at 63.
Hunk #3 succeeded at 127.
Hunk #4 succeeded at 237.
Hunk #5 succeeded at 257.
Hunk #6 succeeded at 430.
Hunk #7 succeeded at 477.
Hmm...  The next patch looks like a unified diff to me...
The text leading up to this was:
--------------------------
|diff -Nur qmail-1.03.orig/spf.c qmail-1.03/spf.c
|--- qmail-1.03.orig/spf.c	1970-01-01 01:00:00.000000000 +0100
|+++ qmail-1.03/spf.c	2004-10-26 20:59:53.225340944 +0200
--------------------------
(Creating file spf.c...)
Patching file spf.c using Plan A...
Empty context always matches.
Hunk #1 succeeded at 1.
Hmm...  The next patch looks like a unified diff to me...
The text leading up to this was:
--------------------------
|diff -Nur qmail-1.03.orig/spf.h qmail-1.03/spf.h
|--- qmail-1.03.orig/spf.h	1970-01-01 01:00:00.000000000 +0100
|+++ qmail-1.03/spf.h	2004-02-02 15:14:59.000000000 +0100
--------------------------
(Creating file spf.h...)
Patching file spf.h using Plan A...
Empty context always matches.
Hunk #1 succeeded at 1.
Hmm...  The next patch looks like a unified diff to me...
The text leading up to this was:
--------------------------
|diff -Nur qmail-1.03.orig/spfquery.c qmail-1.03/spfquery.c
|--- qmail-1.03.orig/spfquery.c	1970-01-01 01:00:00.000000000 +0100
|+++ qmail-1.03/spfquery.c	2004-10-26 20:59:58.471543400 +0200
--------------------------
(Creating file spfquery.c...)
Patching file spfquery.c using Plan A...
Empty context always matches.
Hunk #1 succeeded at 1.
Hmm...  The next patch looks like a unified diff to me...
The text leading up to this was:
--------------------------
|diff -Nur qmail-1.03.orig/str_cpyb.c qmail-1.03/str_cpyb.c
|--- qmail-1.03.orig/str_cpyb.c	1970-01-01 01:00:00.000000000 +0100
|+++ qmail-1.03/str_cpyb.c	2004-01-28 17:24:01.000000000 +0100
--------------------------
(Creating file str_cpyb.c...)
Patching file str_cpyb.c using Plan A...
Empty context always matches.
Hunk #1 succeeded at 1.
Hmm...  The next patch looks like a unified diff to me...
The text leading up to this was:
--------------------------
|diff -Nur qmail-1.03.orig/str.h qmail-1.03/str.h
|--- qmail-1.03.orig/str.h	1998-06-15 12:53:16.000000000 +0200
|+++ qmail-1.03/str.h	2004-01-28 22:41:57.000000000 +0100
--------------------------
Patching file str.h using Plan A...
Hunk #1 succeeded at 2.
Hmm...  The next patch looks like a unified diff to me...
The text leading up to this was:
--------------------------
|diff -Nur qmail-1.03.orig/strsalloc.c qmail-1.03/strsalloc.c
|--- qmail-1.03.orig/strsalloc.c	1970-01-01 01:00:00.000000000 +0100
|+++ qmail-1.03/strsalloc.c	2004-01-29 02:24:19.000000000 +0100
--------------------------
(Creating file strsalloc.c...)
Patching file strsalloc.c using Plan A...
Empty context always matches.
Hunk #1 succeeded at 1.
Hmm...  The next patch looks like a unified diff to me...
The text leading up to this was:
--------------------------
|diff -Nur qmail-1.03.orig/strsalloc.h qmail-1.03/strsalloc.h
|--- qmail-1.03.orig/strsalloc.h	1970-01-01 01:00:00.000000000 +0100
|+++ qmail-1.03/strsalloc.h	2004-01-29 02:23:54.000000000 +0100
--------------------------
(Creating file strsalloc.h...)
Patching file strsalloc.h using Plan A...
Empty context always matches.
Hunk #1 succeeded at 1.
Hmm...  The next patch looks like a unified diff to me...
The text leading up to this was:
--------------------------
|diff -Nur qmail-1.03.orig/TARGETS qmail-1.03/TARGETS
|--- qmail-1.03.orig/TARGETS	1998-06-15 12:53:16.000000000 +0200
|+++ qmail-1.03/TARGETS	2004-01-29 19:28:12.000000000 +0100
--------------------------
Patching file TARGETS using Plan A...
Hunk #1 succeeded at 99 (offset -1 lines).
Hunk #2 succeeded at 198 (offset 24 lines).
Hunk #3 succeeded at 216 (offset -1 lines).
Hunk #4 succeeded at 302 (offset 24 lines).
Hmm...  The next patch looks like a unified diff to me...
The text leading up to this was:
--------------------------
|diff -Nur qmail-1.03.orig/tcp-env.c qmail-1.03/tcp-env.c
|--- qmail-1.03.orig/tcp-env.c	1998-06-15 12:53:16.000000000 +0200
|+++ qmail-1.03/tcp-env.c	2004-01-29 02:44:17.000000000 +0100
--------------------------
Patching file tcp-env.c using Plan A...
Hunk #1 succeeded at 10.
Hunk #2 succeeded at 35.
Hunk #3 succeeded at 76.
Hunk #4 succeeded at 102.
done
*** Error 1 in . (Makefile:36 'notqmail-aab15b1fea8a6c48953bf152a334d6a1840184c3-smtpd-spf')
