rm -rf notqmail-e77f33bd5f614e967b0716a72dd706462d36a477-spp-smtpauth
git -C notqmail.git fetch origin e77f33bd5f614e967b0716a72dd706462d36a477
From https://github.com/notqmail/notqmail
 * branch            e77f33bd5f614e967b0716a72dd706462d36a477 -> FETCH_HEAD
git -C notqmail.git archive --prefix=notqmail-e77f33bd5f614e967b0716a72dd706462d36a477-spp-smtpauth/ e77f33bd5f614e967b0716a72dd706462d36a477 | tar xf -
cd notqmail-e77f33bd5f614e967b0716a72dd706462d36a477-spp-smtpauth; patch -f -p 1 <../patch/spp-smtpauth.patch
Hmm...  Looks like a unified diff to me...
The text leading up to this was:
--------------------------
|--- Makefile	2004-01-02 13:05:51.000000000 +0100
|+++ Makefile	2005-01-16 19:15:29.000000000 +0100
--------------------------
Patching file Makefile using Plan A...
Hunk #1 failed at 1535.
Hunk #2 succeeded at 1550 with fuzz 2 (offset -10 lines).
1 out of 2 hunks failed--saving rejects to Makefile.rej
Hmm...  The next patch looks like a unified diff to me...
The text leading up to this was:
--------------------------
|--- qmail-smtpd.c	2004-01-02 13:05:51.000000000 +0100
|+++ qmail-smtpd.c	2006-04-01 22:20:06.000000000 +0200
--------------------------
Patching file qmail-smtpd.c using Plan A...
Hunk #1 failed at 25.
Hunk #2 succeeded at 114 (offset -12 lines).
Hunk #3 failed at 223.
Hunk #4 succeeded at 253 with fuzz 2 (offset -8 lines).
Hunk #5 succeeded at 269 (offset -12 lines).
Hunk #6 succeeded at 399 (offset -8 lines).
Hunk #7 succeeded at 403 (offset -12 lines).
No such line 604 in input file, ignoring
Hunk #8 failed at 623.
Hunk #9 succeeded at 445 (offset -229 lines).
3 out of 9 hunks failed--saving rejects to qmail-smtpd.c.rej
Hmm...  The next patch looks like a unified diff to me...
The text leading up to this was:
--------------------------
|--- qmail-spp.c	1970-01-01 01:00:00.000000000 +0100
|+++ qmail-spp.c	2006-04-01 22:47:15.000000000 +0200
--------------------------
(Creating file qmail-spp.c...)
Patching file qmail-spp.c using Plan A...
Empty context always matches.
Hunk #1 succeeded at 1.
Hmm...  The next patch looks like a unified diff to me...
The text leading up to this was:
--------------------------
|--- qmail-spp.h	1970-01-01 01:00:00.000000000 +0100
|+++ qmail-spp.h	2004-11-26 15:49:29.000000000 +0100
--------------------------
(Creating file qmail-spp.h...)
Patching file qmail-spp.h using Plan A...
Empty context always matches.
Hunk #1 succeeded at 1.
done
*** Error 1 in . (Makefile:36 'notqmail-e77f33bd5f614e967b0716a72dd706462d36a477-spp-smtpauth')
