rm -rf notqmail-e77f33bd5f614e967b0716a72dd706462d36a477-rcptcheck
git -C notqmail.git fetch origin e77f33bd5f614e967b0716a72dd706462d36a477
From https://github.com/notqmail/notqmail
 * branch            e77f33bd5f614e967b0716a72dd706462d36a477 -> FETCH_HEAD
git -C notqmail.git archive --prefix=notqmail-e77f33bd5f614e967b0716a72dd706462d36a477-rcptcheck/ e77f33bd5f614e967b0716a72dd706462d36a477 | tar xf -
cd notqmail-e77f33bd5f614e967b0716a72dd706462d36a477-rcptcheck; patch -f -p 1 <../patch/rcptcheck.patch
Hmm...  Looks like a new-style context diff to me...
The text leading up to this was:
--------------------------
|*** qmail-1.03.orig/qmail-smtpd.c	Mon Jun 15 06:53:16 1998
|--- qmail-1.03/qmail-smtpd.c	Wed Jul 14 13:48:24 2004
--------------------------
Patching file qmail-smtpd.c using Plan A...
Hunk #1 succeeded at 23.
Hunk #2 failed at 48.
Hunk #3 succeeded at 62 with fuzz 2.
Hunk #4 succeeded at 86.
Hunk #5 succeeded at 137.
Hunk #6 succeeded at 223.
Hunk #7 succeeded at 287.
1 out of 7 hunks failed--saving rejects to qmail-smtpd.c.rej
done
*** Error 1 in . (Makefile:36 'notqmail-e77f33bd5f614e967b0716a72dd706462d36a477-rcptcheck')
